ERROR:root:WebDriverException while processing URL: . Error: Message: invalid argument
  (Session info: headless chrome=113.0.5672.126)
Stacktrace:
#0 0x55d74e73d133 <unknown>
#1 0x55d74e4717f0 <unknown>
#2 0x55d74e45b97e <unknown>
#3 0x55d74e459d03 <unknown>
#4 0x55d74e45a14d <unknown>
#5 0x55d74e473746 <unknown>
#6 0x55d74e4e68b5 <unknown>
#7 0x55d74e4cdbd2 <unknown>
#8 0x55d74e4e61c7 <unknown>
#9 0x55d74e4cd9a3 <unknown>
#10 0x55d74e4a246a <unknown>
#11 0x55d74e4a355e <unknown>
#12 0x55d74e6fccae <unknown>
#13 0x55d74e7008fe <unknown>
#14 0x55d74e709f20 <unknown>
#15 0x55d74e701923 <unknown>
#16 0x55d74e6d4c0e <unknown>
#17 0x55d74e724b08 <unknown>
#18 0x55d74e724c97 <unknown>
#19 0x55d74e735113 <unknown>
#20 0x7f3e46894ac3 <unknown>

ERROR:root:Error processing https://m24-app.com/loginpublico/. Error: 403 Client Error: Forbidden for url: https://m24-app.com/loginpublico/
ERROR:root:WebDriverException while processing URL: businesspageads.dssddns.com. Error: Message: invalid argument
  (Session info: headless chrome=113.0.5672.126)
Stacktrace:
#0 0x5650bf9e3133 <unknown>
#1 0x5650bf7177f0 <unknown>
#2 0x5650bf70197e <unknown>
#3 0x5650bf6ffd03 <unknown>
#4 0x5650bf70014d <unknown>
#5 0x5650bf719746 <unknown>
#6 0x5650bf78c8b5 <unknown>
#7 0x5650bf773bd2 <unknown>
#8 0x5650bf78c1c7 <unknown>
#9 0x5650bf7739a3 <unknown>
#10 0x5650bf74846a <unknown>
#11 0x5650bf74955e <unknown>
#12 0x5650bf9a2cae <unknown>
#13 0x5650bf9a68fe <unknown>
#14 0x5650bf9aff20 <unknown>
#15 0x5650bf9a7923 <unknown>
#16 0x5650bf97ac0e <unknown>
#17 0x5650bf9cab08 <unknown>
#18 0x5650bf9cac97 <unknown>
#19 0x5650bf9db113 <unknown>
#20 0x7feddba94ac3 <unknown>

ERROR:root:Error processing businesspageads.dssddns.com. Error: Invalid URL 'businesspageads.dssddns.com': No scheme supplied. Perhaps you meant https://businesspageads.dssddns.com?
ERROR:root:Exception while processing URL: https://verification-page-ads.com/G49PD124ZIK2dbwUMlYYZz43EKYR8jbjtxTEhb1z4hlYh0UHsJoGet3nnQqcqX926eeURKmaFNFujOGXTrangdau.html. Error: list index out of range
ERROR:root:Exception while processing URL: https://verification-page-ads.com/G49PD124ZIK2dbwUMlYYZz43EKYR8jbjtxTEhb1z4hlYh0UHsJoGet3nnQqcqX926eeURKmaFNFujOGXTrangdau.html. Error: list index out of range
ERROR:root:Exception while processing URL: https://verification-page-ads.com/YldR4hNoB6xs7rDEJ1QOVFwZXHniuSWkt8PP0PHv9HaKwAgMHDf4Pvcv1zKVE4VLPJojIBdzqbbDqZaeTrangdau.html. Error: list index out of range
ERROR:root:WebDriverException while processing URL: http://support.bmde-labs.com/vendor/horizon/BDO/sso/login.php. Error: Message: timeout: Timed out receiving message from renderer: 294.249
  (Session info: headless chrome=119.0.6045.105)
Stacktrace:
#0 0x55c0fa1fa5e3 <unknown>
#1 0x55c0f9ebd0b7 <unknown>
#2 0x55c0f9ea323a <unknown>
#3 0x55c0f9ea30a9 <unknown>
#4 0x55c0f9ea1481 <unknown>
#5 0x55c0f9ea1e39 <unknown>
#6 0x55c0f9eb28ac <unknown>
#7 0x55c0f9eca4c1 <unknown>
#8 0x55c0f9ed013b <unknown>
#9 0x55c0f9ea25ce <unknown>
#10 0x55c0f9eca2c4 <unknown>
#11 0x55c0f9f4dd42 <unknown>
#12 0x55c0f9f31cc3 <unknown>
#13 0x55c0f9efd0e4 <unknown>
#14 0x55c0f9efe0ae <unknown>
#15 0x55c0fa1c0ce1 <unknown>
#16 0x55c0fa1c4b7e <unknown>
#17 0x55c0fa1ae4b5 <unknown>
#18 0x55c0fa1c57d6 <unknown>
#19 0x55c0fa191dbf <unknown>
#20 0x55c0fa1e8748 <unknown>
#21 0x55c0fa1e8917 <unknown>
#22 0x55c0fa1f9773 <unknown>
#23 0x7f5cce8da609 start_thread

ERROR:root:Error processing https://xlink.vn/u7c48wg6. Error: HTTPSConnectionPool(host='xlink.vn', port=443): Max retries exceeded with url: /u7c48wg6 (Caused by ConnectTimeoutError(<urllib3.connection.HTTPSConnection object at 0x7fe096b2aa00>, 'Connection to xlink.vn timed out. (connect timeout=5)'))
ERROR:root:Error processing http://t.dripemail2.com/c/eyJhbGciOiJIUzI1NiJ9.eyJhdWQiOiJkZXRvdXIiLCJpc3MiOiJtb25vbGl0aCIsInN1YiI6ImRldG91cl9saW5rIiwiaWF0IjoxNjk5MjM2MTM3LCJuYmYiOjE2OTkyMzYxMzcsImFjY291bnRfaWQiOiI3OTU5MTE3IiwiZGVsaXZlcnlfaWQiOiIyaXQ0bjRmZzY2N2VlZG5sYWRldSIsInVybCI6Imh0dHBzOi8vc2VydmljZWNsaWVudG5pY2tpLWFnb2xiYW5hNjMxMTE4LmNvZGVhbnlhcHAuY29tL2V1Lmh0bWw_X19zPXZpcXZ0OGQ1eWs0ZTYzMHB4ajM4In0.LaXv4nq7OlEiPdw93zESo-7l8ZncRoNUVDAgeChdoHU. Error: HTTPSConnectionPool(host='serviceclientnicki-agolbana631118.codeanyapp.com', port=443): Read timed out. (read timeout=5)
ERROR:root:Error processing https://cloudflare-ipfs.com/ipfs/QmQcry2cQhWFTfLKYbQDMhXVS6NbLG4qKaGGrgviQrQgYy. Error: HTTPSConnectionPool(host='alphatrade-options.com', port=443): Max retries exceeded with url: /git/rand/favicon.png (Caused by SSLError(SSLCertVerificationError(1, '[SSL: CERTIFICATE_VERIFY_FAILED] certificate verify failed: self signed certificate (_ssl.c:1131)')))
ERROR:root:Exception while processing URL: http://w.rrsazxxc.com/silsilsiljp/wxxx/?phone=(0101)-50555-94769&. Error: list index out of range
ERROR:root:Error processing http://app-a6b886fb-3331-47e9-b278-826308a7dbc5.cleverapps.io/orangeorange/. Error: 404 Client Error: Not Found for url: https://app-a6b886fb-3331-47e9-b278-826308a7dbc5.cleverapps.io/orangeorange/
ERROR:root:Error processing http://app-a6b886fb-3331-47e9-b278-826308a7dbc5.cleverapps.io/orangeorange/password.php. Error: 404 Client Error: Not Found for url: https://app-a6b886fb-3331-47e9-b278-826308a7dbc5.cleverapps.io/orangeorange/password.php
ERROR:root:Error processing http://app-653965a9-5517-4f07-a42f-25609f47fbcf.cleverapps.io/Orangevalideconfig/. Error: 404 Client Error: Not Found for url: https://app-653965a9-5517-4f07-a42f-25609f47fbcf.cleverapps.io/Orangevalideconfig/
ERROR:root:Error processing http://app-653965a9-5517-4f07-a42f-25609f47fbcf.cleverapps.io/Orangevalideconfig/password.php. Error: 404 Client Error: Not Found for url: https://app-653965a9-5517-4f07-a42f-25609f47fbcf.cleverapps.io/Orangevalideconfig/password.php
ERROR:root:Exception while processing URL: https://nbqdvly64.ukit.me/. Error: list index out of range
ERROR:root:Error processing https://nbqdvly64.ukit.me/. Error: 410 Client Error: Gone for url: https://nbqdvly64.ukit.me/
ERROR:root:Exception while processing URL: https://verification-page-ads.com/ITxUg3cYpjovEVBkxwyziZ4qmkADcqQxypUyhmdM6lVMyLnJ8pdvSY9RVXsb0C549P7BkTqm8K0jTlJVTrangdau.html. Error: list index out of range
ERROR:root:WebDriverException while processing URL: https://www.postcelme.life/. Error: Message: unknown error: net::ERR_NAME_NOT_RESOLVED
  (Session info: headless chrome=119.0.6045.105)
Stacktrace:
#0 0x55600e8335e3 <unknown>
#1 0x55600e4f60b7 <unknown>
#2 0x55600e4edd6a <unknown>
#3 0x55600e4dd137 <unknown>
#4 0x55600e4de7f6 <unknown>
#5 0x55600e4dd436 <unknown>
#6 0x55600e4dc15c <unknown>
#7 0x55600e4dc0a9 <unknown>
#8 0x55600e4da481 <unknown>
#9 0x55600e4dacca <unknown>
#10 0x55600e4f8e8e <unknown>
#11 0x55600e587345 <unknown>
#12 0x55600e56aef2 <unknown>
#13 0x55600e586b3d <unknown>
#14 0x55600e56acc3 <unknown>
#15 0x55600e5360e4 <unknown>
#16 0x55600e5370ae <unknown>
#17 0x55600e7f9ce1 <unknown>
#18 0x55600e7fdb7e <unknown>
#19 0x55600e7e74b5 <unknown>
#20 0x55600e7fe7d6 <unknown>
#21 0x55600e7cadbf <unknown>
#22 0x55600e821748 <unknown>
#23 0x55600e821917 <unknown>
#24 0x55600e832773 <unknown>
#25 0x7f626343f609 start_thread

ERROR:root:Error processing https://www.postcelme.life/. Error: HTTPSConnectionPool(host='www.postcelme.life', port=443): Max retries exceeded with url: / (Caused by NewConnectionError('<urllib3.connection.HTTPSConnection object at 0x7fe0968d5af0>: Failed to establish a new connection: [Errno -2] Name or service not known'))
ERROR:root:Error processing http://185.198.117.126/. Error: HTTPSConnectionPool(host='185.198.117.126', port=443): Max retries exceeded with url: / (Caused by SSLError(CertificateError("hostname '185.198.117.126' doesn't match either of 'www.nexi.it', 'nexi.it'")))
ERROR:root:Exception while processing URL: https://y.rrsazxxc.com/silsilsiljp/wxxx/?phone=(0101)-50555-94769&. Error: list index out of range
ERROR:root:Error processing https://adminuser.tg-dicbskcj.top/. Error: HTTPSConnectionPool(host='adminuser.tg-dicbskcj.top', port=443): Max retries exceeded with url: / (Caused by SSLError(CertificateError("hostname 'adminuser.tg-dicbskcj.top' doesn't match either of 'admin.tg-imease.net', 'admin.tg-timekiam.top'")))
ERROR:root:Error processing https://18.188.124.105/login/. Error: HTTPSConnectionPool(host='18.188.124.105', port=443): Max retries exceeded with url: /login/ (Caused by SSLError(CertificateError("hostname '18.188.124.105' doesn't match either of 'sopertetecnicos.online', 'www.sopertetecnicos.online'")))
ERROR:root:Error processing https://www.azote-services.fr/sso-service=dei/ch/swisspass/login/639d2. Error: HTTPSConnectionPool(host='www.azote-services.fr', port=443): Max retries exceeded with url: /sso-service=dei/ch/swisspass/login/639d2 (Caused by SSLError(SSLCertVerificationError(1, '[SSL: CERTIFICATE_VERIFY_FAILED] certificate verify failed: unable to get local issuer certificate (_ssl.c:1131)')))
ERROR:root:WebDriverException while processing URL: https://wordpress-yellow-zebra-porte.codeanyapp.com/wp-admins/FR-DHL/. Error: Message: unknown error: net::ERR_CONNECTION_RESET
  (Session info: headless chrome=119.0.6045.105)
Stacktrace:
#0 0x55bdedea05e3 <unknown>
#1 0x55bdedb630b7 <unknown>
#2 0x55bdedb5ad6a <unknown>
#3 0x55bdedb4a137 <unknown>
#4 0x55bdedb4b7f6 <unknown>
#5 0x55bdedb4a436 <unknown>
#6 0x55bdedb4915c <unknown>
#7 0x55bdedb490a9 <unknown>
#8 0x55bdedb47481 <unknown>
#9 0x55bdedb47cca <unknown>
#10 0x55bdedb65e8e <unknown>
#11 0x55bdedbf4345 <unknown>
#12 0x55bdedbd7ef2 <unknown>
#13 0x55bdedbf3b3d <unknown>
#14 0x55bdedbd7cc3 <unknown>
#15 0x55bdedba30e4 <unknown>
#16 0x55bdedba40ae <unknown>
#17 0x55bdede66ce1 <unknown>
#18 0x55bdede6ab7e <unknown>
#19 0x55bdede544b5 <unknown>
#20 0x55bdede6b7d6 <unknown>
#21 0x55bdede37dbf <unknown>
#22 0x55bdede8e748 <unknown>
#23 0x55bdede8e917 <unknown>
#24 0x55bdede9f773 <unknown>
#25 0x7f0489b6e609 start_thread

