ERROR:root:WebDriverException while processing URL: https://www.huffingtonpost.fr/environnement/article/au-royaume-uni-le-celebre-arbre-de-sycamore-gap-a-ete-mysterieusement-abattu-dans-la-nuit_223727.html. Error: Message: unknown error: net::ERR_NAME_NOT_RESOLVED
  (Session info: headless chrome=117.0.5938.132)
Stacktrace:
#0 0x55e4eee61933 <unknown>
#1 0x55e4eeb3b6f7 <unknown>
#2 0x55e4eeb338e9 <unknown>
#3 0x55e4eeb24227 <unknown>
#4 0x55e4eeb256a1 <unknown>
#5 0x55e4eeb24563 <unknown>
#6 0x55e4eeb2357c <unknown>
#7 0x55e4eeb234ee <unknown>
#8 0x55e4eeb22100 <unknown>
#9 0x55e4eeb2257a <unknown>
#10 0x55e4eeb3ddde <unknown>
#11 0x55e4eebbe025 <unknown>
#12 0x55e4eeba4602 <unknown>
#13 0x55e4eebbd857 <unknown>
#14 0x55e4eeba43d3 <unknown>
#15 0x55e4eeb76e64 <unknown>
#16 0x55e4eeb77c4e <unknown>
#17 0x55e4eee27558 <unknown>
#18 0x55e4eee2b4a0 <unknown>
#19 0x55e4eee3597c <unknown>
#20 0x55e4eee2c0b8 <unknown>
#21 0x55e4eedf7cdf <unknown>
#22 0x55e4eee50048 <unknown>
#23 0x55e4eee50219 <unknown>
#24 0x55e4eee60ac3 <unknown>
#25 0x7f936ac30609 start_thread

ERROR:root:WebDriverException while processing URL: https://www.aseguradorarural.com.gt/aseguradoradnn/. Error: Message: unknown error: net::ERR_CONNECTION_RESET
  (Session info: headless chrome=117.0.5938.132)
Stacktrace:
#0 0x5648ee13d933 <unknown>
#1 0x5648ede176f7 <unknown>
#2 0x5648ede0f8e9 <unknown>
#3 0x5648ede00227 <unknown>
#4 0x5648ede016a1 <unknown>
#5 0x5648ede00563 <unknown>
#6 0x5648eddff57c <unknown>
#7 0x5648eddff4ee <unknown>
#8 0x5648eddfe100 <unknown>
#9 0x5648eddfe57a <unknown>
#10 0x5648ede19dde <unknown>
#11 0x5648ede9a025 <unknown>
#12 0x5648ede80602 <unknown>
#13 0x5648ede99857 <unknown>
#14 0x5648ede803d3 <unknown>
#15 0x5648ede52e64 <unknown>
#16 0x5648ede53c4e <unknown>
#17 0x5648ee103558 <unknown>
#18 0x5648ee1074a0 <unknown>
#19 0x5648ee11197c <unknown>
#20 0x5648ee1080b8 <unknown>
#21 0x5648ee0d3cdf <unknown>
#22 0x5648ee12c048 <unknown>
#23 0x5648ee12c219 <unknown>
#24 0x5648ee13cac3 <unknown>
#25 0x7f6ed91d8609 start_thread

ERROR:root:Exception while processing URL: https://training.knowbe4.com/ui/login. Error: local variable 'full_page_screenshot' referenced before assignment
ERROR:root:Exception while processing URL: https://training.knowbe4.com/ui/login. Error: local variable 'full_page_screenshot' referenced before assignment
ERROR:root:Exception while processing URL: https://training.knowbe4.com/ui/login. Error: local variable 'full_page_screenshot' referenced before assignment
ERROR:root:Exception while processing URL: https://training.knowbe4.com/ui/login. Error: local variable 'full_page_screenshot' referenced before assignment
